Using pre-set license
Built from '2020.3/release' branch; Version is '2020.3.12f1 (b3b2c6512326) revision 11776710'; Using compiler version '192528614'; Build Type 'Release'
OS: 'Windows 10 Pro; OS build 19042.1348; Version 2009; 64bit' Language: 'ja' Physical Memory: 8048 MB
BatchMode: 1, IsHumanControllingUs: 0, StartBugReporterOnCrash: 0, Is64bit: 1, IsPro: 0

 COMMAND LINE ARGUMENTS:
C:\Program Files\Unity\Hub\Editor\2020.3.12f1\Editor\Unity.exe
-adb2
-batchMode
-noUpm
-name
AssetImportWorker0
-projectPath
C:/Users/user/Documents/TwinSix/TwinSix
-logFile
Logs/AssetImportWorker0.log
-srvPort
59477
Successfully changed project path to: C:/Users/user/Documents/TwinSix/TwinSix
C:/Users/user/Documents/TwinSix/TwinSix
Using Asset Import Pipeline V2.
Refreshing native plugins compatible for Editor in 41.16 ms, found 2 plugins.
Preloading 0 native plugins for Editor in 0.00 ms.
Initialize engine version: 2020.3.12f1 (b3b2c6512326)
[Subsystems] Discovering subsystems at path C:/Program Files/Unity/Hub/Editor/2020.3.12f1/Editor/Data/Resources/UnitySubsystems
[Subsystems] Discovering subsystems at path C:/Users/user/Documents/TwinSix/TwinSix/Assets
GfxDevice: creating device client; threaded=0
Direct3D:
    Version:  Direct3D 11.0 [level 11.1]
    Renderer: Intel(R) UHD Graphics 620 (ID=0x5917)
    Vendor:   
    VRAM:     4024 MB
    Driver:   27.20.100.7988
Initialize mono
Mono path[0] = 'C:/Program Files/Unity/Hub/Editor/2020.3.12f1/Editor/Data/Managed'
Mono path[1] = 'C:/Program Files/Unity/Hub/Editor/2020.3.12f1/Editor/Data/MonoBleedingEdge/lib/mono/unityjit'
Mono config path = 'C:/Program Files/Unity/Hub/Editor/2020.3.12f1/Editor/Data/MonoBleedingEdge/etc'
Using monoOptions --debugger-agent=transport=dt_socket,embedding=1,server=y,suspend=n,address=127.0.0.1:56752
Begin MonoManager ReloadAssembly
Registering precompiled unity dll's ...
Register platform support module: C:/Program Files/Unity/Hub/Editor/2020.3.12f1/Editor/Data/PlaybackEngines/WindowsStandaloneSupport/UnityEditor.WindowsStandalone.Extensions.dll
Registered in 0.002439 seconds.
Native extension for WindowsStandalone target not found
Refreshing native plugins compatible for Editor in 38.46 ms, found 2 plugins.
Preloading 0 native plugins for Editor in 0.00 ms.
Mono: successfully reloaded assembly
- Completed reload, in  1.444 seconds
Platform modules already initialized, skipping
Registering precompiled user dll's ...
Registered in 0.007015 seconds.
Begin MonoManager ReloadAssembly
Native extension for WindowsStandalone target not found
Refreshing native plugins compatible for Editor in 0.74 ms, found 2 plugins.
Preloading 0 native plugins for Editor in 0.00 ms.
Mono: successfully reloaded assembly
- Completed reload, in  1.347 seconds
Platform modules already initialized, skipping
========================================================================
Worker process is ready to serve import requests
Launched and connected shader compiler UnityShaderCompiler.exe after 0.07 seconds
Refreshing native plugins compatible for Editor in 0.44 ms, found 2 plugins.
Preloading 0 native plugins for Editor in 0.00 ms.
Unloading 1640 Unused Serialized files (Serialized files now loaded: 0)
System memory in use before: 85.7 MB.
System memory in use after: 85.8 MB.

Unloading 24 unused Assets to reduce memory usage. Loaded Objects now: 2085.
Total: 2.817400 ms (FindLiveObjects: 0.262600 ms CreateObjectMapping: 0.112300 ms MarkObjects: 2.348700 ms  DeleteObjects: 0.092400 ms)

AssetImportParameters requested are different than current active one (requested -> active):
  custom:framework-win-MediaFoundation: 216162199b28c13a410421893ffa2e32 -> 
  custom:video-decoder-ogg-theora: a1e56fd34408186e4bbccfd4996cb3dc -> 
  custom:container-muxer-webm: aa71ff27fc2769a1b78a27578f13a17b -> 
  custom:container-demuxer-webm: 4f35f7cbe854078d1ac9338744f61a02 -> 
  custom:container-demuxer-ogg: 62fdf1f143b41e24485cea50d1cbac27 -> 
  custom:video-encoder-webm-vp8: eb34c28f22e8b96e1ab97ce403110664 -> 
  custom:video-decoder-webm-vp8: 9c59270c3fd7afecdb556c50c9e8de78 -> 
  custom:audio-decoder-ogg-vorbis: bf7c407c2cedff20999df2af8eb42d56 -> 
  custom:audio-encoder-webm-vorbis: bf7c407c2cedff20999df2af8eb42d56 -> 
========================================================================
Received Import Request.
  path: Assets/Sprits/Title/Line.png
  artifactKey: Guid(b628c4b057a40a04d97246c40748d2ba) Importer(815301076,1909f56bfc062723c751e8b465ee728b)
Start importing Assets/Sprits/Title/Line.png using Guid(b628c4b057a40a04d97246c40748d2ba) Importer(815301076,1909f56bfc062723c751e8b465ee728b)  -> (artifact id: '41caaa5c4324c205ed2fa1a44a04eb67') in 0.088228 seconds 
  Import took 0.092115 seconds .

========================================================================
Received Import Request.
  Time since last request: 9.722245 seconds.
  path: Assets/Sprits/Title/Line.png
  artifactKey: Guid(b628c4b057a40a04d97246c40748d2ba) Importer(815301076,1909f56bfc062723c751e8b465ee728b)
Start importing Assets/Sprits/Title/Line.png using Guid(b628c4b057a40a04d97246c40748d2ba) Importer(815301076,1909f56bfc062723c751e8b465ee728b)  -> (artifact id: 'e16fdc26e4639e5ff08a35e9bcf6092a') in 0.062400 seconds 
  Import took 0.067090 seconds .

========================================================================
Received Prepare
Registering precompiled user dll's ...
Registered in 0.025843 seconds.
Begin MonoManager ReloadAssembly
Native extension for WindowsStandalone target not found
Refreshing native plugins compatible for Editor in 1.68 ms, found 2 plugins.
Preloading 0 native plugins for Editor in 0.00 ms.
Mono: successfully reloaded assembly
- Completed reload, in  3.812 seconds
Platform modules already initialized, skipping
Refreshing native plugins compatible for Editor in 0.60 ms, found 2 plugins.
Preloading 0 native plugins for Editor in 0.00 ms.
Unloading 1632 Unused Serialized files (Serialized files now loaded: 0)
System memory in use before: 88.4 MB.
System memory in use after: 88.5 MB.

Unloading 18 unused Assets to reduce memory usage. Loaded Objects now: 2096.
Total: 4.469200 ms (FindLiveObjects: 0.417900 ms CreateObjectMapping: 0.174300 ms MarkObjects: 3.791000 ms  DeleteObjects: 0.083900 ms)

AssetImportParameters requested are different than current active one (requested -> active):
  custom:framework-win-MediaFoundation: 216162199b28c13a410421893ffa2e32 -> 
  custom:video-decoder-ogg-theora: a1e56fd34408186e4bbccfd4996cb3dc -> 
  custom:container-muxer-webm: aa71ff27fc2769a1b78a27578f13a17b -> 
  custom:container-demuxer-webm: 4f35f7cbe854078d1ac9338744f61a02 -> 
  custom:container-demuxer-ogg: 62fdf1f143b41e24485cea50d1cbac27 -> 
  custom:video-encoder-webm-vp8: eb34c28f22e8b96e1ab97ce403110664 -> 
  custom:video-decoder-webm-vp8: 9c59270c3fd7afecdb556c50c9e8de78 -> 
  custom:audio-decoder-ogg-vorbis: bf7c407c2cedff20999df2af8eb42d56 -> 
  custom:audio-encoder-webm-vorbis: bf7c407c2cedff20999df2af8eb42d56 -> 
========================================================================
Received Import Request.
  Time since last request: 362.473255 seconds.
  path: Assets/Sprits/Title/Title_Back.png
  artifactKey: Guid(a7f69eedd13a75c41934d0f5ba2e6929) Importer(815301076,1909f56bfc062723c751e8b465ee728b)
Start importing Assets/Sprits/Title/Title_Back.png using Guid(a7f69eedd13a75c41934d0f5ba2e6929) Importer(815301076,1909f56bfc062723c751e8b465ee728b)  -> (artifact id: '977043d22fe8f4f0826191cea9c89e3a') in 0.054576 seconds 
  Import took 0.061552 seconds .

========================================================================
Received Import Request.
  Time since last request: 10.232278 seconds.
  path: Assets/Sprits/Title/Title_Back.png
  artifactKey: Guid(a7f69eedd13a75c41934d0f5ba2e6929) Importer(815301076,1909f56bfc062723c751e8b465ee728b)
Start importing Assets/Sprits/Title/Title_Back.png using Guid(a7f69eedd13a75c41934d0f5ba2e6929) Importer(815301076,1909f56bfc062723c751e8b465ee728b)  -> (artifact id: 'df0f94363f0b8cb55dbbc0226eb78453') in 0.047135 seconds 
  Import took 0.053368 seconds .

========================================================================
Received Import Request.
  Time since last request: 14.935395 seconds.
  path: Assets/Sprits/Title/Title_Back.png
  artifactKey: Guid(a7f69eedd13a75c41934d0f5ba2e6929) Importer(815301076,1909f56bfc062723c751e8b465ee728b)
Start importing Assets/Sprits/Title/Title_Back.png using Guid(a7f69eedd13a75c41934d0f5ba2e6929) Importer(815301076,1909f56bfc062723c751e8b465ee728b)  -> (artifact id: 'c4d7e110a23851f9d04735265a17937e') in 0.019811 seconds 
  Import took 0.024520 seconds .

========================================================================
Received Prepare
Registering precompiled user dll's ...
Registered in 0.299632 seconds.
Begin MonoManager ReloadAssembly
Native extension for WindowsStandalone target not found
Refreshing native plugins compatible for Editor in 0.45 ms, found 2 plugins.
Preloading 0 native plugins for Editor in 0.00 ms.
Mono: successfully reloaded assembly
- Completed reload, in  1.212 seconds
Platform modules already initialized, skipping
Refreshing native plugins compatible for Editor in 0.42 ms, found 2 plugins.
Preloading 0 native plugins for Editor in 0.00 ms.
Unloading 1632 Unused Serialized files (Serialized files now loaded: 0)
System memory in use before: 88.4 MB.
System memory in use after: 88.6 MB.

Unloading 18 unused Assets to reduce memory usage. Loaded Objects now: 2101.
Total: 2.518400 ms (FindLiveObjects: 0.201300 ms CreateObjectMapping: 0.061600 ms MarkObjects: 2.234700 ms  DeleteObjects: 0.019600 ms)

AssetImportParameters requested are different than current active one (requested -> active):
  custom:framework-win-MediaFoundation: 216162199b28c13a410421893ffa2e32 -> 
  custom:video-decoder-ogg-theora: a1e56fd34408186e4bbccfd4996cb3dc -> 
  custom:container-muxer-webm: aa71ff27fc2769a1b78a27578f13a17b -> 
  custom:container-demuxer-webm: 4f35f7cbe854078d1ac9338744f61a02 -> 
  custom:container-demuxer-ogg: 62fdf1f143b41e24485cea50d1cbac27 -> 
  custom:video-encoder-webm-vp8: eb34c28f22e8b96e1ab97ce403110664 -> 
  custom:video-decoder-webm-vp8: 9c59270c3fd7afecdb556c50c9e8de78 -> 
  custom:audio-decoder-ogg-vorbis: bf7c407c2cedff20999df2af8eb42d56 -> 
  custom:audio-encoder-webm-vorbis: bf7c407c2cedff20999df2af8eb42d56 -> 
AssetImportWorkerClient::OnTransportError - code=2 error=End of file
