Using pre-set license
Built from '2020.3/release' branch; Version is '2020.3.12f1 (b3b2c6512326) revision 11776710'; Using compiler version '192528614'; Build Type 'Release'
OS: 'Windows 10 Pro; OS build 19042.1237; Version 2009; 64bit' Language: 'ja' Physical Memory: 8048 MB
BatchMode: 1, IsHumanControllingUs: 0, StartBugReporterOnCrash: 0, Is64bit: 1, IsPro: 0

 COMMAND LINE ARGUMENTS:
C:\Program Files\Unity\Hub\Editor\2020.3.12f1\Editor\Unity.exe
-adb2
-batchMode
-noUpm
-name
AssetImportWorker0
-projectPath
C:/Users/user/Documents/TwinSix/TwinSix
-logFile
Logs/AssetImportWorker0.log
-srvPort
54079
Successfully changed project path to: C:/Users/user/Documents/TwinSix/TwinSix
C:/Users/user/Documents/TwinSix/TwinSix
Using Asset Import Pipeline V2.
Refreshing native plugins compatible for Editor in 31.91 ms, found 2 plugins.
Preloading 0 native plugins for Editor in 0.00 ms.
Initialize engine version: 2020.3.12f1 (b3b2c6512326)
[Subsystems] Discovering subsystems at path C:/Program Files/Unity/Hub/Editor/2020.3.12f1/Editor/Data/Resources/UnitySubsystems
[Subsystems] Discovering subsystems at path C:/Users/user/Documents/TwinSix/TwinSix/Assets
GfxDevice: creating device client; threaded=0
Direct3D:
    Version:  Direct3D 11.0 [level 11.1]
    Renderer: Intel(R) UHD Graphics 620 (ID=0x5917)
    Vendor:   
    VRAM:     4024 MB
    Driver:   27.20.100.7988
Initialize mono
Mono path[0] = 'C:/Program Files/Unity/Hub/Editor/2020.3.12f1/Editor/Data/Managed'
Mono path[1] = 'C:/Program Files/Unity/Hub/Editor/2020.3.12f1/Editor/Data/MonoBleedingEdge/lib/mono/unityjit'
Mono config path = 'C:/Program Files/Unity/Hub/Editor/2020.3.12f1/Editor/Data/MonoBleedingEdge/etc'
Using monoOptions --debugger-agent=transport=dt_socket,embedding=1,server=y,suspend=n,address=127.0.0.1:56936
Begin MonoManager ReloadAssembly
Registering precompiled unity dll's ...
Register platform support module: C:/Program Files/Unity/Hub/Editor/2020.3.12f1/Editor/Data/PlaybackEngines/WindowsStandaloneSupport/UnityEditor.WindowsStandalone.Extensions.dll
Registered in 0.003039 seconds.
Native extension for WindowsStandalone target not found
Refreshing native plugins compatible for Editor in 30.65 ms, found 2 plugins.
Preloading 0 native plugins for Editor in 0.00 ms.
Mono: successfully reloaded assembly
- Completed reload, in  1.206 seconds
Platform modules already initialized, skipping
Registering precompiled user dll's ...
Registered in 0.004611 seconds.
Begin MonoManager ReloadAssembly
Native extension for WindowsStandalone target not found
Refreshing native plugins compatible for Editor in 0.33 ms, found 2 plugins.
Preloading 0 native plugins for Editor in 0.00 ms.
Mono: successfully reloaded assembly
- Completed reload, in  1.140 seconds
Platform modules already initialized, skipping
========================================================================
Worker process is ready to serve import requests
Launched and connected shader compiler UnityShaderCompiler.exe after 0.08 seconds
Refreshing native plugins compatible for Editor in 0.34 ms, found 2 plugins.
Preloading 0 native plugins for Editor in 0.00 ms.
Unloading 1399 Unused Serialized files (Serialized files now loaded: 0)
System memory in use before: 67.5 MB.
System memory in use after: 67.6 MB.

Unloading 18 unused Assets to reduce memory usage. Loaded Objects now: 1833.
Total: 2.621300 ms (FindLiveObjects: 0.175600 ms CreateObjectMapping: 0.055400 ms MarkObjects: 2.272900 ms  DeleteObjects: 0.116100 ms)

AssetImportParameters requested are different than current active one (requested -> active):
  custom:framework-win-MediaFoundation: 216162199b28c13a410421893ffa2e32 -> 
  custom:video-decoder-ogg-theora: a1e56fd34408186e4bbccfd4996cb3dc -> 
  custom:container-muxer-webm: aa71ff27fc2769a1b78a27578f13a17b -> 
  custom:container-demuxer-webm: 4f35f7cbe854078d1ac9338744f61a02 -> 
  custom:container-demuxer-ogg: 62fdf1f143b41e24485cea50d1cbac27 -> 
  custom:video-encoder-webm-vp8: eb34c28f22e8b96e1ab97ce403110664 -> 
  custom:video-decoder-webm-vp8: 9c59270c3fd7afecdb556c50c9e8de78 -> 
  custom:audio-decoder-ogg-vorbis: bf7c407c2cedff20999df2af8eb42d56 -> 
  custom:audio-encoder-webm-vorbis: bf7c407c2cedff20999df2af8eb42d56 -> 
========================================================================
Received Import Request.
  path: Assets/Scripts
  artifactKey: Guid(ce41655606884a44f841c544c79315e6) Importer(815301076,1909f56bfc062723c751e8b465ee728b)
Start importing Assets/Scripts using Guid(ce41655606884a44f841c544c79315e6) Importer(815301076,1909f56bfc062723c751e8b465ee728b)  -> (artifact id: '7046db34907341c4c85725269aa73730') in 0.011393 seconds 
  Import took 0.013950 seconds .

========================================================================
Received Import Request.
  Time since last request: 1.500502 seconds.
  path: Assets/Scripts/GameSystem
  artifactKey: Guid(9198c2a1d0d743144910a3d480ccf4e0) Importer(815301076,1909f56bfc062723c751e8b465ee728b)
Start importing Assets/Scripts/GameSystem using Guid(9198c2a1d0d743144910a3d480ccf4e0) Importer(815301076,1909f56bfc062723c751e8b465ee728b)  -> (artifact id: '194123c8368a15ecd99cab1a34432b2d') in 0.014223 seconds 
  Import took 0.017497 seconds .

========================================================================
Received Import Request.
  Time since last request: 1.525099 seconds.
  path: Assets/Scripts/GameSystem/GameDirector.cs
  artifactKey: Guid(f315e65242e41c24cb462f91280ad007) Importer(815301076,1909f56bfc062723c751e8b465ee728b)
Start importing Assets/Scripts/GameSystem/GameDirector.cs using Guid(f315e65242e41c24cb462f91280ad007) Importer(815301076,1909f56bfc062723c751e8b465ee728b)  -> (artifact id: 'c0e554e165514c9e3db7ecb24d8d3819') in 0.060249 seconds 
  Import took 0.063243 seconds .

========================================================================
Received Import Request.
  Time since last request: 0.397906 seconds.
  path: Assets/Scripts/GameSystem/GameDirector.cs
  artifactKey: Guid(f315e65242e41c24cb462f91280ad007) Importer(815301076,1909f56bfc062723c751e8b465ee728b)
Start importing Assets/Scripts/GameSystem/GameDirector.cs using Guid(f315e65242e41c24cb462f91280ad007) Importer(815301076,1909f56bfc062723c751e8b465ee728b)  -> (artifact id: 'c0e554e165514c9e3db7ecb24d8d3819') in 0.003931 seconds 
  Import took 0.006980 seconds .

========================================================================
Received Import Request.
  Time since last request: 0.069263 seconds.
  path: Assets/Scripts/GameSystem/GameStatus.cs
  artifactKey: Guid(5a4e14227b2e6d94782bc6322d7e5e2c) Importer(815301076,1909f56bfc062723c751e8b465ee728b)
Start importing Assets/Scripts/GameSystem/GameStatus.cs using Guid(5a4e14227b2e6d94782bc6322d7e5e2c) Importer(815301076,1909f56bfc062723c751e8b465ee728b)  -> (artifact id: '1926afad5f7f589c9cf52eb4d7f51579') in 0.007395 seconds 
  Import took 0.011439 seconds .

========================================================================
Received Import Request.
  Time since last request: 0.000433 seconds.
  path: Assets/Scripts/GameSystem/GameStatus.cs
  artifactKey: Guid(5a4e14227b2e6d94782bc6322d7e5e2c) Importer(815301076,1909f56bfc062723c751e8b465ee728b)
Start importing Assets/Scripts/GameSystem/GameStatus.cs using Guid(5a4e14227b2e6d94782bc6322d7e5e2c) Importer(815301076,1909f56bfc062723c751e8b465ee728b)  -> (artifact id: '1926afad5f7f589c9cf52eb4d7f51579') in 0.002154 seconds 
  Import took 0.005762 seconds .

========================================================================
Received Import Request.
  Time since last request: 80.820228 seconds.
  path: Assets/Scenes/SampleScene.unity
  artifactKey: Guid(9fc0d4010bbf28b4594072e72b8655ab) Importer(815301076,1909f56bfc062723c751e8b465ee728b)
Start importing Assets/Scenes/SampleScene.unity using Guid(9fc0d4010bbf28b4594072e72b8655ab) Importer(815301076,1909f56bfc062723c751e8b465ee728b)  -> (artifact id: 'dcc088d1731b590f9572c6f2bab98c6a') in 0.020745 seconds 
  Import took 0.024839 seconds .

========================================================================
Received Import Request.
  Time since last request: 0.001351 seconds.
  path: Assets/Scenes/SampleScene.unity
  artifactKey: Guid(9fc0d4010bbf28b4594072e72b8655ab) Importer(815301076,1909f56bfc062723c751e8b465ee728b)
Start importing Assets/Scenes/SampleScene.unity using Guid(9fc0d4010bbf28b4594072e72b8655ab) Importer(815301076,1909f56bfc062723c751e8b465ee728b)  -> (artifact id: 'dcc088d1731b590f9572c6f2bab98c6a') in 0.003817 seconds 
  Import took 0.007776 seconds .

========================================================================
Received Import Request.
  Time since last request: 2.175155 seconds.
  path: Assets/Scenes/KatoScene.unity
  artifactKey: Guid(b074abad1ec4c9845bbf227a90e56e57) Importer(815301076,1909f56bfc062723c751e8b465ee728b)
Start importing Assets/Scenes/KatoScene.unity using Guid(b074abad1ec4c9845bbf227a90e56e57) Importer(815301076,1909f56bfc062723c751e8b465ee728b)  -> (artifact id: 'ef44e2018467e6a06e17ce9f87b01352') in 0.013225 seconds 
  Import took 0.017728 seconds .

========================================================================
Received Import Request.
  Time since last request: 1.058512 seconds.
  path: Assets/Scenes/HiroScene.unity
  artifactKey: Guid(edc53c5ed897b314aa3d3dad560a00ce) Importer(815301076,1909f56bfc062723c751e8b465ee728b)
Start importing Assets/Scenes/HiroScene.unity using Guid(edc53c5ed897b314aa3d3dad560a00ce) Importer(815301076,1909f56bfc062723c751e8b465ee728b)  -> (artifact id: '8bfb202e3573c9b4993a69ed48411a3b') in 0.012309 seconds 
  Import took 0.016293 seconds .

========================================================================
Received Import Request.
  Time since last request: 1.888077 seconds.
  path: Assets/Material/Blue.mat
  artifactKey: Guid(3c593da0fd7343f40bcfd83065943940) Importer(815301076,1909f56bfc062723c751e8b465ee728b)
Start importing Assets/Material/Blue.mat using Guid(3c593da0fd7343f40bcfd83065943940) Importer(815301076,1909f56bfc062723c751e8b465ee728b)  -> (artifact id: '5f7f8b9f5e5c9e6c1548aac4d9724a25') in 0.120336 seconds 
  Import took 0.123890 seconds .

========================================================================
Received Import Request.
  Time since last request: 0.000353 seconds.
  path: Assets/Material/Red.mat
  artifactKey: Guid(c988dda445b0d9e40b17c2471805e173) Importer(815301076,1909f56bfc062723c751e8b465ee728b)
Start importing Assets/Material/Red.mat using Guid(c988dda445b0d9e40b17c2471805e173) Importer(815301076,1909f56bfc062723c751e8b465ee728b)  -> (artifact id: 'b3ef51eff2c5e4cc0443b65da9c09920') in 0.017237 seconds 
  Import took 0.021261 seconds .

========================================================================
Received Import Request.
  Time since last request: 0.000435 seconds.
  path: Assets/Material/Yellow.mat
  artifactKey: Guid(0f1661b2d2ad9a04d821f9c29f026fd7) Importer(815301076,1909f56bfc062723c751e8b465ee728b)
Start importing Assets/Material/Yellow.mat using Guid(0f1661b2d2ad9a04d821f9c29f026fd7) Importer(815301076,1909f56bfc062723c751e8b465ee728b)  -> (artifact id: 'd0bae7ef8354b7ae280b3669e902295c') in 0.022614 seconds 
  Import took 0.026155 seconds .

========================================================================
Received Import Request.
  Time since last request: 9.022044 seconds.
  path: Assets/Scripts/GameSystem/TurnManager.cs
  artifactKey: Guid(2a44bc27192d168428c38cc91cf9d4c9) Importer(815301076,1909f56bfc062723c751e8b465ee728b)
Start importing Assets/Scripts/GameSystem/TurnManager.cs using Guid(2a44bc27192d168428c38cc91cf9d4c9) Importer(815301076,1909f56bfc062723c751e8b465ee728b)  -> (artifact id: '4ea3c765c26356446cc0d80cef0876f2') in 0.007695 seconds 
  Import took 0.010647 seconds .

========================================================================
Received Import Request.
  Time since last request: 0.004550 seconds.
  path: Assets/Scripts/GameSystem/TurnManager.cs
  artifactKey: Guid(2a44bc27192d168428c38cc91cf9d4c9) Importer(815301076,1909f56bfc062723c751e8b465ee728b)
Start importing Assets/Scripts/GameSystem/TurnManager.cs using Guid(2a44bc27192d168428c38cc91cf9d4c9) Importer(815301076,1909f56bfc062723c751e8b465ee728b)  -> (artifact id: '4ea3c765c26356446cc0d80cef0876f2') in 0.003533 seconds 
  Import took 0.007577 seconds .

========================================================================
Received Import Request.
  Time since last request: 1500.106487 seconds.
  path: Assets/Scripts/Phase/EndPhase.cs
  artifactKey: Guid(6a095c1cc9155fe43ae6d9adc95aca05) Importer(815301076,1909f56bfc062723c751e8b465ee728b)
Start importing Assets/Scripts/Phase/EndPhase.cs using Guid(6a095c1cc9155fe43ae6d9adc95aca05) Importer(815301076,1909f56bfc062723c751e8b465ee728b)  -> (artifact id: '17ce2377d2bd707f7494563c3d9e9394') in 0.011522 seconds 
  Import took 0.015465 seconds .

========================================================================
Received Import Request.
  Time since last request: 2.457359 seconds.
  path: Assets/Scripts/Player/PlayerStatus.cs
  artifactKey: Guid(6952b02416eef5041be8f32ebaade3bf) Importer(815301076,1909f56bfc062723c751e8b465ee728b)
Start importing Assets/Scripts/Player/PlayerStatus.cs using Guid(6952b02416eef5041be8f32ebaade3bf) Importer(815301076,1909f56bfc062723c751e8b465ee728b)  -> (artifact id: '25d6dbf0cf4e4209fa370d2cd303d958') in 0.007411 seconds 
  Import took 0.010347 seconds .

========================================================================
Received Import Request.
  Time since last request: 0.003937 seconds.
  path: Assets/Scripts/Player/PlayerStatus.cs
  artifactKey: Guid(6952b02416eef5041be8f32ebaade3bf) Importer(815301076,1909f56bfc062723c751e8b465ee728b)
Start importing Assets/Scripts/Player/PlayerStatus.cs using Guid(6952b02416eef5041be8f32ebaade3bf) Importer(815301076,1909f56bfc062723c751e8b465ee728b)  -> (artifact id: '25d6dbf0cf4e4209fa370d2cd303d958') in 0.004054 seconds 
  Import took 0.007727 seconds .

========================================================================
Received Prepare
Registering precompiled user dll's ...
Registered in 0.005273 seconds.
Begin MonoManager ReloadAssembly
Native extension for WindowsStandalone target not found
Refreshing native plugins compatible for Editor in 0.33 ms, found 2 plugins.
Preloading 0 native plugins for Editor in 0.00 ms.
Mono: successfully reloaded assembly
- Completed reload, in  1.122 seconds
Platform modules already initialized, skipping
Refreshing native plugins compatible for Editor in 0.60 ms, found 2 plugins.
Preloading 0 native plugins for Editor in 0.00 ms.
Unloading 1393 Unused Serialized files (Serialized files now loaded: 0)
System memory in use before: 70.7 MB.
System memory in use after: 70.9 MB.

Unloading 13 unused Assets to reduce memory usage. Loaded Objects now: 1877.
Total: 3.468000 ms (FindLiveObjects: 0.247500 ms CreateObjectMapping: 0.077000 ms MarkObjects: 3.111200 ms  DeleteObjects: 0.030600 ms)

AssetImportParameters requested are different than current active one (requested -> active):
  custom:framework-win-MediaFoundation: 216162199b28c13a410421893ffa2e32 -> 
  custom:video-decoder-ogg-theora: a1e56fd34408186e4bbccfd4996cb3dc -> 
  custom:container-muxer-webm: aa71ff27fc2769a1b78a27578f13a17b -> 
  custom:container-demuxer-webm: 4f35f7cbe854078d1ac9338744f61a02 -> 
  custom:container-demuxer-ogg: 62fdf1f143b41e24485cea50d1cbac27 -> 
  custom:video-encoder-webm-vp8: eb34c28f22e8b96e1ab97ce403110664 -> 
  custom:video-decoder-webm-vp8: 9c59270c3fd7afecdb556c50c9e8de78 -> 
  custom:audio-decoder-ogg-vorbis: bf7c407c2cedff20999df2af8eb42d56 -> 
  custom:audio-encoder-webm-vorbis: bf7c407c2cedff20999df2af8eb42d56 -> 
========================================================================
Received Import Request.
  Time since last request: 295.474926 seconds.
  path: Assets/Scripts/Event
  artifactKey: Guid(590c57614408e3c4f92c2d3b81933730) Importer(815301076,1909f56bfc062723c751e8b465ee728b)
Start importing Assets/Scripts/Event using Guid(590c57614408e3c4f92c2d3b81933730) Importer(815301076,1909f56bfc062723c751e8b465ee728b)  -> (artifact id: '90b34ad61622ea8c81efdb166a9dcb94') in 0.015685 seconds 
  Import took 0.019931 seconds .

========================================================================
Received Prepare
Registering precompiled user dll's ...
Registered in 0.005587 seconds.
Begin MonoManager ReloadAssembly
Native extension for WindowsStandalone target not found
Refreshing native plugins compatible for Editor in 0.38 ms, found 2 plugins.
Preloading 0 native plugins for Editor in 0.00 ms.
Mono: successfully reloaded assembly
- Completed reload, in  1.122 seconds
Platform modules already initialized, skipping
Refreshing native plugins compatible for Editor in 0.33 ms, found 2 plugins.
Preloading 0 native plugins for Editor in 0.00 ms.
Unloading 1393 Unused Serialized files (Serialized files now loaded: 0)
System memory in use before: 70.8 MB.
System memory in use after: 70.9 MB.

Unloading 13 unused Assets to reduce memory usage. Loaded Objects now: 1880.
Total: 2.475100 ms (FindLiveObjects: 0.174700 ms CreateObjectMapping: 0.044200 ms MarkObjects: 2.221900 ms  DeleteObjects: 0.033100 ms)

AssetImportParameters requested are different than current active one (requested -> active):
  custom:framework-win-MediaFoundation: 216162199b28c13a410421893ffa2e32 -> 
  custom:video-decoder-ogg-theora: a1e56fd34408186e4bbccfd4996cb3dc -> 
  custom:container-muxer-webm: aa71ff27fc2769a1b78a27578f13a17b -> 
  custom:container-demuxer-webm: 4f35f7cbe854078d1ac9338744f61a02 -> 
  custom:container-demuxer-ogg: 62fdf1f143b41e24485cea50d1cbac27 -> 
  custom:video-encoder-webm-vp8: eb34c28f22e8b96e1ab97ce403110664 -> 
  custom:video-decoder-webm-vp8: 9c59270c3fd7afecdb556c50c9e8de78 -> 
  custom:audio-decoder-ogg-vorbis: bf7c407c2cedff20999df2af8eb42d56 -> 
  custom:audio-encoder-webm-vorbis: bf7c407c2cedff20999df2af8eb42d56 -> 
========================================================================
Received Import Request.
  Time since last request: 50.215173 seconds.
  path: Assets/Scripts/Event/Event.cs
  artifactKey: Guid(e7ead6bcabff6ba4b95b43f528c83fa1) Importer(815301076,1909f56bfc062723c751e8b465ee728b)
Start importing Assets/Scripts/Event/Event.cs using Guid(e7ead6bcabff6ba4b95b43f528c83fa1) Importer(815301076,1909f56bfc062723c751e8b465ee728b)  -> (artifact id: '4da485c576b8a951d48f61be2eb71e0c') in 0.012385 seconds 
  Import took 0.017178 seconds .

========================================================================
Received Prepare
Registering precompiled user dll's ...
Registered in 0.004311 seconds.
Begin MonoManager ReloadAssembly
Native extension for WindowsStandalone target not found
Refreshing native plugins compatible for Editor in 0.47 ms, found 2 plugins.
Preloading 0 native plugins for Editor in 0.00 ms.
Mono: successfully reloaded assembly
- Completed reload, in  1.252 seconds
Platform modules already initialized, skipping
Refreshing native plugins compatible for Editor in 0.33 ms, found 2 plugins.
Preloading 0 native plugins for Editor in 0.00 ms.
Unloading 1394 Unused Serialized files (Serialized files now loaded: 0)
System memory in use before: 70.8 MB.
System memory in use after: 70.9 MB.

Unloading 13 unused Assets to reduce memory usage. Loaded Objects now: 1884.
Total: 3.761500 ms (FindLiveObjects: 0.171800 ms CreateObjectMapping: 0.045500 ms MarkObjects: 3.498800 ms  DeleteObjects: 0.043900 ms)

AssetImportParameters requested are different than current active one (requested -> active):
  custom:framework-win-MediaFoundation: 216162199b28c13a410421893ffa2e32 -> 
  custom:video-decoder-ogg-theora: a1e56fd34408186e4bbccfd4996cb3dc -> 
  custom:container-muxer-webm: aa71ff27fc2769a1b78a27578f13a17b -> 
  custom:container-demuxer-webm: 4f35f7cbe854078d1ac9338744f61a02 -> 
  custom:container-demuxer-ogg: 62fdf1f143b41e24485cea50d1cbac27 -> 
  custom:video-encoder-webm-vp8: eb34c28f22e8b96e1ab97ce403110664 -> 
  custom:video-decoder-webm-vp8: 9c59270c3fd7afecdb556c50c9e8de78 -> 
  custom:audio-decoder-ogg-vorbis: bf7c407c2cedff20999df2af8eb42d56 -> 
  custom:audio-encoder-webm-vorbis: bf7c407c2cedff20999df2af8eb42d56 -> 
========================================================================
Received Prepare
Registering precompiled user dll's ...
Registered in 0.011675 seconds.
Begin MonoManager ReloadAssembly
Native extension for WindowsStandalone target not found
Refreshing native plugins compatible for Editor in 0.35 ms, found 2 plugins.
Preloading 0 native plugins for Editor in 0.00 ms.
Mono: successfully reloaded assembly
- Completed reload, in  1.234 seconds
Platform modules already initialized, skipping
Refreshing native plugins compatible for Editor in 0.56 ms, found 2 plugins.
Preloading 0 native plugins for Editor in 0.00 ms.
Unloading 1393 Unused Serialized files (Serialized files now loaded: 0)
System memory in use before: 70.8 MB.
System memory in use after: 70.9 MB.

Unloading 14 unused Assets to reduce memory usage. Loaded Objects now: 1886.
Total: 3.623900 ms (FindLiveObjects: 0.204200 ms CreateObjectMapping: 0.058300 ms MarkObjects: 3.325900 ms  DeleteObjects: 0.033300 ms)

AssetImportParameters requested are different than current active one (requested -> active):
  custom:framework-win-MediaFoundation: 216162199b28c13a410421893ffa2e32 -> 
  custom:video-decoder-ogg-theora: a1e56fd34408186e4bbccfd4996cb3dc -> 
  custom:container-muxer-webm: aa71ff27fc2769a1b78a27578f13a17b -> 
  custom:container-demuxer-webm: 4f35f7cbe854078d1ac9338744f61a02 -> 
  custom:container-demuxer-ogg: 62fdf1f143b41e24485cea50d1cbac27 -> 
  custom:video-encoder-webm-vp8: eb34c28f22e8b96e1ab97ce403110664 -> 
  custom:video-decoder-webm-vp8: 9c59270c3fd7afecdb556c50c9e8de78 -> 
  custom:audio-decoder-ogg-vorbis: bf7c407c2cedff20999df2af8eb42d56 -> 
  custom:audio-encoder-webm-vorbis: bf7c407c2cedff20999df2af8eb42d56 -> 
========================================================================
Received Import Request.
  Time since last request: 13319.812241 seconds.
  path: Assets/Scripts/Online/OnlineSynchronizeData.cs
  artifactKey: Guid(f1e02a670e003df41b84bed820fbb384) Importer(815301076,1909f56bfc062723c751e8b465ee728b)
Start importing Assets/Scripts/Online/OnlineSynchronizeData.cs using Guid(f1e02a670e003df41b84bed820fbb384) Importer(815301076,1909f56bfc062723c751e8b465ee728b)  -> (artifact id: 'b50b83b597f4aa078c48ec1b2245304f') in 0.021284 seconds 
  Import took 0.026202 seconds .

========================================================================
Received Import Request.
  Time since last request: 119.632351 seconds.
  path: Assets/CreateData/testData.asset
  artifactKey: Guid(18d0be4c05ab79b4aaf681aa982b2a49) Importer(815301076,1909f56bfc062723c751e8b465ee728b)
Start importing Assets/CreateData/testData.asset using Guid(18d0be4c05ab79b4aaf681aa982b2a49) Importer(815301076,1909f56bfc062723c751e8b465ee728b)  -> (artifact id: '42c68a0eca1e531ff86026f1b297cb94') in 0.027400 seconds 
  Import took 0.031877 seconds .

========================================================================
Received Import Request.
  Time since last request: 0.020341 seconds.
  path: Assets/CreateData/testData1.asset
  artifactKey: Guid(cf166633233d8b94697ce26b1e5bc0de) Importer(815301076,1909f56bfc062723c751e8b465ee728b)
Start importing Assets/CreateData/testData1.asset using Guid(cf166633233d8b94697ce26b1e5bc0de) Importer(815301076,1909f56bfc062723c751e8b465ee728b)  -> (artifact id: '265fa12a5afbbf7cccac7648aa76f6ae') in 0.016556 seconds 
  Import took 0.022335 seconds .

========================================================================
Received Import Request.
  Time since last request: 41.255380 seconds.
  path: Assets/Editor/MapCreater.cs
  artifactKey: Guid(180430507ed89a944bb18761cdb7a735) Importer(815301076,1909f56bfc062723c751e8b465ee728b)
Start importing Assets/Editor/MapCreater.cs using Guid(180430507ed89a944bb18761cdb7a735) Importer(815301076,1909f56bfc062723c751e8b465ee728b)  -> (artifact id: '245ed386ed3e2904dc3b404a0d74334b') in 0.011988 seconds 
  Import took 0.016169 seconds .

========================================================================
Received Import Request.
  Time since last request: 0.041893 seconds.
  path: Assets/Editor/MapCreater.cs
  artifactKey: Guid(180430507ed89a944bb18761cdb7a735) Importer(815301076,1909f56bfc062723c751e8b465ee728b)
Start importing Assets/Editor/MapCreater.cs using Guid(180430507ed89a944bb18761cdb7a735) Importer(815301076,1909f56bfc062723c751e8b465ee728b)  -> (artifact id: '245ed386ed3e2904dc3b404a0d74334b') in 0.004134 seconds 
  Import took 0.008653 seconds .

========================================================================
Received Prepare
Registering precompiled user dll's ...
Registered in 0.005087 seconds.
Begin MonoManager ReloadAssembly
Native extension for WindowsStandalone target not found
Refreshing native plugins compatible for Editor in 1.01 ms, found 2 plugins.
Preloading 0 native plugins for Editor in 0.00 ms.
Mono: successfully reloaded assembly
- Completed reload, in  3.260 seconds
Platform modules already initialized, skipping
Refreshing native plugins compatible for Editor in 1.28 ms, found 2 plugins.
Preloading 0 native plugins for Editor in 0.00 ms.
Unloading 1393 Unused Serialized files (Serialized files now loaded: 0)
System memory in use before: 70.8 MB.
System memory in use after: 70.9 MB.

Unloading 13 unused Assets to reduce memory usage. Loaded Objects now: 1889.
Total: 3.338000 ms (FindLiveObjects: 0.204300 ms CreateObjectMapping: 0.065100 ms MarkObjects: 3.040600 ms  DeleteObjects: 0.026300 ms)

AssetImportParameters requested are different than current active one (requested -> active):
  custom:framework-win-MediaFoundation: 216162199b28c13a410421893ffa2e32 -> 
  custom:video-decoder-ogg-theora: a1e56fd34408186e4bbccfd4996cb3dc -> 
  custom:container-muxer-webm: aa71ff27fc2769a1b78a27578f13a17b -> 
  custom:container-demuxer-webm: 4f35f7cbe854078d1ac9338744f61a02 -> 
  custom:container-demuxer-ogg: 62fdf1f143b41e24485cea50d1cbac27 -> 
  custom:video-encoder-webm-vp8: eb34c28f22e8b96e1ab97ce403110664 -> 
  custom:video-decoder-webm-vp8: 9c59270c3fd7afecdb556c50c9e8de78 -> 
  custom:audio-decoder-ogg-vorbis: bf7c407c2cedff20999df2af8eb42d56 -> 
  custom:audio-encoder-webm-vorbis: bf7c407c2cedff20999df2af8eb42d56 -> 
========================================================================
Received Import Request.
  Time since last request: 17.912568 seconds.
  path: Assets/Scenes/HiroScene.unity
  artifactKey: Guid(edc53c5ed897b314aa3d3dad560a00ce) Importer(815301076,1909f56bfc062723c751e8b465ee728b)
Start importing Assets/Scenes/HiroScene.unity using Guid(edc53c5ed897b314aa3d3dad560a00ce) Importer(815301076,1909f56bfc062723c751e8b465ee728b)  -> (artifact id: '7eb76a35ae8d4fd0c3879e46272697cf') in 0.019427 seconds 
  Import took 0.023287 seconds .

========================================================================
Received Import Request.
  Time since last request: 4.328398 seconds.
  path: Packages/com.unity.ext.nunit/package.json
  artifactKey: Guid(8143d3a8390f2c64685e3bc272bd9e90) Importer(815301076,1909f56bfc062723c751e8b465ee728b)
Start importing Packages/com.unity.ext.nunit/package.json using Guid(8143d3a8390f2c64685e3bc272bd9e90) Importer(815301076,1909f56bfc062723c751e8b465ee728b)  -> (artifact id: '36f449bd9ed4a92e06d659da724da745') in 0.065047 seconds 
  Import took 0.074031 seconds .

========================================================================
Received Import Request.
  Time since last request: 550.215360 seconds.
  path: Assets/Scripts/Event/EventTest.cs
  artifactKey: Guid(d214c5f23197e9b42ad0867096a6cf36) Importer(815301076,1909f56bfc062723c751e8b465ee728b)
Start importing Assets/Scripts/Event/EventTest.cs using Guid(d214c5f23197e9b42ad0867096a6cf36) Importer(815301076,1909f56bfc062723c751e8b465ee728b)  -> (artifact id: 'da9dff6ab7c43b3510fa541e32d8e96b') in 0.014628 seconds 
  Import took 0.022364 seconds .

========================================================================
Received Prepare
Registering precompiled user dll's ...
Registered in 0.006644 seconds.
Begin MonoManager ReloadAssembly
Native extension for WindowsStandalone target not found
Refreshing native plugins compatible for Editor in 0.93 ms, found 2 plugins.
Preloading 0 native plugins for Editor in 0.00 ms.
Mono: successfully reloaded assembly
- Completed reload, in  3.023 seconds
Platform modules already initialized, skipping
Refreshing native plugins compatible for Editor in 1.33 ms, found 2 plugins.
Preloading 0 native plugins for Editor in 0.00 ms.
Unloading 1394 Unused Serialized files (Serialized files now loaded: 0)
System memory in use before: 70.9 MB.
System memory in use after: 71.0 MB.

Unloading 13 unused Assets to reduce memory usage. Loaded Objects now: 1893.
Total: 3.753000 ms (FindLiveObjects: 0.274400 ms CreateObjectMapping: 0.085700 ms MarkObjects: 3.364000 ms  DeleteObjects: 0.027300 ms)

AssetImportParameters requested are different than current active one (requested -> active):
  custom:framework-win-MediaFoundation: 216162199b28c13a410421893ffa2e32 -> 
  custom:video-decoder-ogg-theora: a1e56fd34408186e4bbccfd4996cb3dc -> 
  custom:container-muxer-webm: aa71ff27fc2769a1b78a27578f13a17b -> 
  custom:container-demuxer-webm: 4f35f7cbe854078d1ac9338744f61a02 -> 
  custom:container-demuxer-ogg: 62fdf1f143b41e24485cea50d1cbac27 -> 
  custom:video-encoder-webm-vp8: eb34c28f22e8b96e1ab97ce403110664 -> 
  custom:video-decoder-webm-vp8: 9c59270c3fd7afecdb556c50c9e8de78 -> 
  custom:audio-decoder-ogg-vorbis: bf7c407c2cedff20999df2af8eb42d56 -> 
  custom:audio-encoder-webm-vorbis: bf7c407c2cedff20999df2af8eb42d56 -> 
========================================================================
Received Import Request.
  Time since last request: 203.048059 seconds.
  path: Assets/Scripts/Event/EventTest.cs
  artifactKey: Guid(d214c5f23197e9b42ad0867096a6cf36) Importer(815301076,1909f56bfc062723c751e8b465ee728b)
Start importing Assets/Scripts/Event/EventTest.cs using Guid(d214c5f23197e9b42ad0867096a6cf36) Importer(815301076,1909f56bfc062723c751e8b465ee728b)  -> (artifact id: '0b2527ddb11c67784b6f2d4c045105d5') in 0.007378 seconds 
  Import took 0.012032 seconds .

========================================================================
Received Prepare
Registering precompiled user dll's ...
Registered in 0.006655 seconds.
Begin MonoManager ReloadAssembly
Native extension for WindowsStandalone target not found
Refreshing native plugins compatible for Editor in 0.52 ms, found 2 plugins.
Preloading 0 native plugins for Editor in 0.00 ms.
Mono: successfully reloaded assembly
- Completed reload, in  2.248 seconds
Platform modules already initialized, skipping
Refreshing native plugins compatible for Editor in 0.48 ms, found 2 plugins.
Preloading 0 native plugins for Editor in 0.00 ms.
Unloading 1394 Unused Serialized files (Serialized files now loaded: 0)
System memory in use before: 70.9 MB.
System memory in use after: 71.0 MB.

Unloading 13 unused Assets to reduce memory usage. Loaded Objects now: 1896.
Total: 2.958400 ms (FindLiveObjects: 0.262700 ms CreateObjectMapping: 0.065500 ms MarkObjects: 2.609400 ms  DeleteObjects: 0.019100 ms)

AssetImportParameters requested are different than current active one (requested -> active):
  custom:framework-win-MediaFoundation: 216162199b28c13a410421893ffa2e32 -> 
  custom:video-decoder-ogg-theora: a1e56fd34408186e4bbccfd4996cb3dc -> 
  custom:container-muxer-webm: aa71ff27fc2769a1b78a27578f13a17b -> 
  custom:container-demuxer-webm: 4f35f7cbe854078d1ac9338744f61a02 -> 
  custom:container-demuxer-ogg: 62fdf1f143b41e24485cea50d1cbac27 -> 
  custom:video-encoder-webm-vp8: eb34c28f22e8b96e1ab97ce403110664 -> 
  custom:video-decoder-webm-vp8: 9c59270c3fd7afecdb556c50c9e8de78 -> 
  custom:audio-decoder-ogg-vorbis: bf7c407c2cedff20999df2af8eb42d56 -> 
  custom:audio-encoder-webm-vorbis: bf7c407c2cedff20999df2af8eb42d56 -> 
========================================================================
Received Prepare
Registering precompiled user dll's ...
Registered in 0.006347 seconds.
Begin MonoManager ReloadAssembly
Native extension for WindowsStandalone target not found
Refreshing native plugins compatible for Editor in 0.49 ms, found 2 plugins.
Preloading 0 native plugins for Editor in 0.00 ms.
Mono: successfully reloaded assembly
- Completed reload, in  1.216 seconds
Platform modules already initialized, skipping
Refreshing native plugins compatible for Editor in 0.34 ms, found 2 plugins.
Preloading 0 native plugins for Editor in 0.00 ms.
Unloading 1394 Unused Serialized files (Serialized files now loaded: 0)
System memory in use before: 70.9 MB.
System memory in use after: 71.0 MB.

Unloading 13 unused Assets to reduce memory usage. Loaded Objects now: 1899.
Total: 2.385000 ms (FindLiveObjects: 0.232400 ms CreateObjectMapping: 0.045500 ms MarkObjects: 2.086900 ms  DeleteObjects: 0.018900 ms)

AssetImportParameters requested are different than current active one (requested -> active):
  custom:framework-win-MediaFoundation: 216162199b28c13a410421893ffa2e32 -> 
  custom:video-decoder-ogg-theora: a1e56fd34408186e4bbccfd4996cb3dc -> 
  custom:container-muxer-webm: aa71ff27fc2769a1b78a27578f13a17b -> 
  custom:container-demuxer-webm: 4f35f7cbe854078d1ac9338744f61a02 -> 
  custom:container-demuxer-ogg: 62fdf1f143b41e24485cea50d1cbac27 -> 
  custom:video-encoder-webm-vp8: eb34c28f22e8b96e1ab97ce403110664 -> 
  custom:video-decoder-webm-vp8: 9c59270c3fd7afecdb556c50c9e8de78 -> 
  custom:audio-decoder-ogg-vorbis: bf7c407c2cedff20999df2af8eb42d56 -> 
  custom:audio-encoder-webm-vorbis: bf7c407c2cedff20999df2af8eb42d56 -> 
========================================================================
Received Import Request.
  Time since last request: 6943.901722 seconds.
  path: Assets/Scripts/Event/EventTest.cs
  artifactKey: Guid(d214c5f23197e9b42ad0867096a6cf36) Importer(815301076,1909f56bfc062723c751e8b465ee728b)
Start importing Assets/Scripts/Event/EventTest.cs using Guid(d214c5f23197e9b42ad0867096a6cf36) Importer(815301076,1909f56bfc062723c751e8b465ee728b)  -> (artifact id: 'b7f78ce1ee38f40a2738e8a9288ec586') in 0.007608 seconds 
  Import took 0.011164 seconds .

========================================================================
Received Prepare
Registering precompiled user dll's ...
Registered in 0.008639 seconds.
Begin MonoManager ReloadAssembly
Native extension for WindowsStandalone target not found
Refreshing native plugins compatible for Editor in 0.58 ms, found 2 plugins.
Preloading 0 native plugins for Editor in 0.00 ms.
Mono: successfully reloaded assembly
- Completed reload, in  2.370 seconds
Platform modules already initialized, skipping
Refreshing native plugins compatible for Editor in 0.57 ms, found 2 plugins.
Preloading 0 native plugins for Editor in 0.00 ms.
Unloading 1394 Unused Serialized files (Serialized files now loaded: 0)
System memory in use before: 70.9 MB.
System memory in use after: 71.0 MB.

Unloading 13 unused Assets to reduce memory usage. Loaded Objects now: 1902.
Total: 4.282000 ms (FindLiveObjects: 0.286500 ms CreateObjectMapping: 0.091500 ms MarkObjects: 3.864200 ms  DeleteObjects: 0.037800 ms)

AssetImportParameters requested are different than current active one (requested -> active):
  custom:framework-win-MediaFoundation: 216162199b28c13a410421893ffa2e32 -> 
  custom:video-decoder-ogg-theora: a1e56fd34408186e4bbccfd4996cb3dc -> 
  custom:container-muxer-webm: aa71ff27fc2769a1b78a27578f13a17b -> 
  custom:container-demuxer-webm: 4f35f7cbe854078d1ac9338744f61a02 -> 
  custom:container-demuxer-ogg: 62fdf1f143b41e24485cea50d1cbac27 -> 
  custom:video-encoder-webm-vp8: eb34c28f22e8b96e1ab97ce403110664 -> 
  custom:video-decoder-webm-vp8: 9c59270c3fd7afecdb556c50c9e8de78 -> 
  custom:audio-decoder-ogg-vorbis: bf7c407c2cedff20999df2af8eb42d56 -> 
  custom:audio-encoder-webm-vorbis: bf7c407c2cedff20999df2af8eb42d56 -> 
========================================================================
Received Import Request.
  Time since last request: 154.312487 seconds.
  path: Assets/Scripts/Event/EventTest.cs
  artifactKey: Guid(d214c5f23197e9b42ad0867096a6cf36) Importer(815301076,1909f56bfc062723c751e8b465ee728b)
Start importing Assets/Scripts/Event/EventTest.cs using Guid(d214c5f23197e9b42ad0867096a6cf36) Importer(815301076,1909f56bfc062723c751e8b465ee728b)  -> (artifact id: '724c3969c91fc72cf3459fea07788740') in 0.024739 seconds 
  Import took 0.035066 seconds .

========================================================================
Received Import Request.
  Time since last request: 26.927713 seconds.
  path: Assets/Scripts/Phase/EventPhase.cs
  artifactKey: Guid(0f2030e7b2b484b4ca9f2a068500ecf1) Importer(815301076,1909f56bfc062723c751e8b465ee728b)
Start importing Assets/Scripts/Phase/EventPhase.cs using Guid(0f2030e7b2b484b4ca9f2a068500ecf1) Importer(815301076,1909f56bfc062723c751e8b465ee728b)  -> (artifact id: 'ba9a6bdc170af70f7c736c5e2b01d99c') in 0.012456 seconds 
  Import took 0.016199 seconds .

========================================================================
Received Prepare
Registering precompiled user dll's ...
Registered in 0.006311 seconds.
Begin MonoManager ReloadAssembly
Native extension for WindowsStandalone target not found
Refreshing native plugins compatible for Editor in 0.83 ms, found 2 plugins.
Preloading 0 native plugins for Editor in 0.00 ms.
Mono: successfully reloaded assembly
- Completed reload, in  2.765 seconds
Platform modules already initialized, skipping
Refreshing native plugins compatible for Editor in 0.74 ms, found 2 plugins.
Preloading 0 native plugins for Editor in 0.00 ms.
Unloading 1393 Unused Serialized files (Serialized files now loaded: 0)
System memory in use before: 70.9 MB.
System memory in use after: 71.0 MB.

Unloading 14 unused Assets to reduce memory usage. Loaded Objects now: 1904.
Total: 4.085200 ms (FindLiveObjects: 0.287700 ms CreateObjectMapping: 0.093500 ms MarkObjects: 3.665900 ms  DeleteObjects: 0.036200 ms)

AssetImportParameters requested are different than current active one (requested -> active):
  custom:framework-win-MediaFoundation: 216162199b28c13a410421893ffa2e32 -> 
  custom:video-decoder-ogg-theora: a1e56fd34408186e4bbccfd4996cb3dc -> 
  custom:container-muxer-webm: aa71ff27fc2769a1b78a27578f13a17b -> 
  custom:container-demuxer-webm: 4f35f7cbe854078d1ac9338744f61a02 -> 
  custom:container-demuxer-ogg: 62fdf1f143b41e24485cea50d1cbac27 -> 
  custom:video-encoder-webm-vp8: eb34c28f22e8b96e1ab97ce403110664 -> 
  custom:video-decoder-webm-vp8: 9c59270c3fd7afecdb556c50c9e8de78 -> 
  custom:audio-decoder-ogg-vorbis: bf7c407c2cedff20999df2af8eb42d56 -> 
  custom:audio-encoder-webm-vorbis: bf7c407c2cedff20999df2af8eb42d56 -> 
========================================================================
Received Import Request.
  Time since last request: 468.865608 seconds.
  path: Assets/Scripts/Phase/MovePhase.cs
  artifactKey: Guid(67d6d0d97b401be419bacdbcb29926c1) Importer(815301076,1909f56bfc062723c751e8b465ee728b)
Start importing Assets/Scripts/Phase/MovePhase.cs using Guid(67d6d0d97b401be419bacdbcb29926c1) Importer(815301076,1909f56bfc062723c751e8b465ee728b)  -> (artifact id: '0e1abe6425416757a2f586816cfd3aaa') in 0.014253 seconds 
  Import took 0.018349 seconds .

========================================================================
Received Import Request.
  Time since last request: 3.725119 seconds.
  path: Assets/Scripts/Phase/DoubtPhase.cs
  artifactKey: Guid(b9fdccd982a75bd4e85988cd629adeb6) Importer(815301076,1909f56bfc062723c751e8b465ee728b)
Start importing Assets/Scripts/Phase/DoubtPhase.cs using Guid(b9fdccd982a75bd4e85988cd629adeb6) Importer(815301076,1909f56bfc062723c751e8b465ee728b)  -> (artifact id: '68efdef98ccada085ac953771c3d2a73') in 0.011004 seconds 
  Import took 0.014948 seconds .

========================================================================
Received Import Request.
  Time since last request: 1.028728 seconds.
  path: Assets/Scripts/Phase/DicePhase.cs
  artifactKey: Guid(39ac043baf429a4428942f1f4356371e) Importer(815301076,1909f56bfc062723c751e8b465ee728b)
Start importing Assets/Scripts/Phase/DicePhase.cs using Guid(39ac043baf429a4428942f1f4356371e) Importer(815301076,1909f56bfc062723c751e8b465ee728b)  -> (artifact id: '1f53911deb7affc99e346a8fa75652eb') in 0.014738 seconds 
  Import took 0.020116 seconds .

========================================================================
Received Import Request.
  Time since last request: 222724.434105 seconds.
  path: Assets/Scripts/Event/Hiroki
  artifactKey: Guid(f52f4be20cb9e554f96b8f8cd467ea51) Importer(815301076,1909f56bfc062723c751e8b465ee728b)
Start importing Assets/Scripts/Event/Hiroki using Guid(f52f4be20cb9e554f96b8f8cd467ea51) Importer(815301076,1909f56bfc062723c751e8b465ee728b)  -> (artifact id: 'bb8108959343b6a7b58e86f1d9fb31b7') in 0.016516 seconds 
  Import took 0.020754 seconds .

AssetImportWorkerClient::OnTransportError - code=2 error=End of file
