Using pre-set license
Built from '2020.3/staging' branch; Version is '2020.3.11f1 (99c7afb366b3) revision 10078127'; Using compiler version '192528614'; Build Type 'Release'
OS: 'Windows 10 Pro; OS build 19042.1237; Version 2009; 64bit' Language: 'ja' Physical Memory: 8048 MB
BatchMode: 1, IsHumanControllingUs: 0, StartBugReporterOnCrash: 0, Is64bit: 1, IsPro: 0

 COMMAND LINE ARGUMENTS:
C:\Program Files\Unity\Hub\Editor\2020.3.11f1\Editor\Unity.exe
-adb2
-batchMode
-noUpm
-name
AssetImportWorker2
-projectPath
C:/Users/user/Desktop/twinSix_/TwinSix
-logFile
Logs/AssetImportWorker2.log
-srvPort
55974
Successfully changed project path to: C:/Users/user/Desktop/twinSix_/TwinSix
C:/Users/user/Desktop/twinSix_/TwinSix
Using Asset Import Pipeline V2.
Refreshing native plugins compatible for Editor in 162.43 ms, found 2 plugins.
Preloading 0 native plugins for Editor in 0.00 ms.
Initialize engine version: 2020.3.11f1 (99c7afb366b3)
[Subsystems] Discovering subsystems at path C:/Program Files/Unity/Hub/Editor/2020.3.11f1/Editor/Data/Resources/UnitySubsystems
[Subsystems] Discovering subsystems at path C:/Users/user/Desktop/twinSix_/TwinSix/Assets
GfxDevice: creating device client; threaded=0
Direct3D:
    Version:  Direct3D 11.0 [level 11.1]
    Renderer: Intel(R) UHD Graphics 620 (ID=0x5917)
    Vendor:   
    VRAM:     4024 MB
    Driver:   27.20.100.7988
Initialize mono
Mono path[0] = 'C:/Program Files/Unity/Hub/Editor/2020.3.11f1/Editor/Data/Managed'
Mono path[1] = 'C:/Program Files/Unity/Hub/Editor/2020.3.11f1/Editor/Data/MonoBleedingEdge/lib/mono/unityjit'
Mono config path = 'C:/Program Files/Unity/Hub/Editor/2020.3.11f1/Editor/Data/MonoBleedingEdge/etc'
Using monoOptions --debugger-agent=transport=dt_socket,embedding=1,server=y,suspend=n,address=127.0.0.1:56632
Begin MonoManager ReloadAssembly
Registering precompiled unity dll's ...
Register platform support module: C:/Program Files/Unity/Hub/Editor/2020.3.11f1/Editor/Data/PlaybackEngines/WindowsStandaloneSupport/UnityEditor.WindowsStandalone.Extensions.dll
Registered in 0.002188 seconds.
Native extension for WindowsStandalone target not found
Refreshing native plugins compatible for Editor in 102.39 ms, found 2 plugins.
Preloading 0 native plugins for Editor in 0.00 ms.
Mono: successfully reloaded assembly
- Completed reload, in  3.396 seconds
Platform modules already initialized, skipping
Registering precompiled user dll's ...
Registered in 0.008242 seconds.
Begin MonoManager ReloadAssembly
Native extension for WindowsStandalone target not found
Refreshing native plugins compatible for Editor in 0.55 ms, found 2 plugins.
Preloading 0 native plugins for Editor in 0.00 ms.
Mono: successfully reloaded assembly
- Completed reload, in  3.972 seconds
Platform modules already initialized, skipping
========================================================================
Worker process is ready to serve import requests
Launched and connected shader compiler UnityShaderCompiler.exe after 0.50 seconds
Refreshing native plugins compatible for Editor in 0.38 ms, found 2 plugins.
Preloading 0 native plugins for Editor in 0.00 ms.
Unloading 1406 Unused Serialized files (Serialized files now loaded: 0)
System memory in use before: 67.7 MB.
System memory in use after: 67.8 MB.

Unloading 18 unused Assets to reduce memory usage. Loaded Objects now: 1841.
Total: 2.479900 ms (FindLiveObjects: 0.167100 ms CreateObjectMapping: 0.056700 ms MarkObjects: 2.127900 ms  DeleteObjects: 0.126900 ms)

========================================================================
Received Import Request.
  path: Assets/Prefab/SystemPrefab/TurnManager.prefab
  artifactKey: Guid(f1f4d4c083d559c4aa0fd3d3fb0e2f48) Importer(815301076,1909f56bfc062723c751e8b465ee728b)
Start importing Assets/Prefab/SystemPrefab/TurnManager.prefab using Guid(f1f4d4c083d559c4aa0fd3d3fb0e2f48) Importer(815301076,1909f56bfc062723c751e8b465ee728b)  -> (artifact id: 'e1500329c3698b98f17d194bc5ae5abf') in 0.277406 seconds
  Import took 0.287281 seconds .

========================================================================
Received Import Request.
  Time since last request: 72.895647 seconds.
  path: Assets/Scripts/Debug/testScripts_Shimizu.cs
  artifactKey: Guid(89aa4200dfba4c444955716b84bf5f0a) Importer(815301076,1909f56bfc062723c751e8b465ee728b)
Start importing Assets/Scripts/Debug/testScripts_Shimizu.cs using Guid(89aa4200dfba4c444955716b84bf5f0a) Importer(815301076,1909f56bfc062723c751e8b465ee728b)  -> (artifact id: 'd1ddbfff2b3c5682a29bab7e7ad005ed') in 0.067199 seconds
  Import took 0.076019 seconds .

========================================================================
Received Import Request.
  Time since last request: 0.041486 seconds.
  path: Assets/Scripts/Debug/testScripts_Shimizu.cs
  artifactKey: Guid(89aa4200dfba4c444955716b84bf5f0a) Importer(815301076,1909f56bfc062723c751e8b465ee728b)
Start importing Assets/Scripts/Debug/testScripts_Shimizu.cs using Guid(89aa4200dfba4c444955716b84bf5f0a) Importer(815301076,1909f56bfc062723c751e8b465ee728b)  -> (artifact id: 'd1ddbfff2b3c5682a29bab7e7ad005ed') in 0.007758 seconds
  Import took 0.012421 seconds .

========================================================================
Received Prepare
Registering precompiled user dll's ...
Registered in 0.005546 seconds.
Begin MonoManager ReloadAssembly
Native extension for WindowsStandalone target not found
Refreshing native plugins compatible for Editor in 0.46 ms, found 2 plugins.
Preloading 0 native plugins for Editor in 0.00 ms.
Mono: successfully reloaded assembly
- Completed reload, in  2.226 seconds
Platform modules already initialized, skipping
Refreshing native plugins compatible for Editor in 1.58 ms, found 2 plugins.
Preloading 0 native plugins for Editor in 0.00 ms.
Unloading 1400 Unused Serialized files (Serialized files now loaded: 0)
System memory in use before: 67.6 MB.
System memory in use after: 67.7 MB.

Unloading 13 unused Assets to reduce memory usage. Loaded Objects now: 1844.
Total: 8.409000 ms (FindLiveObjects: 0.676300 ms CreateObjectMapping: 0.261900 ms MarkObjects: 7.408500 ms  DeleteObjects: 0.057900 ms)

========================================================================
Received Prepare
Registering precompiled user dll's ...
Registered in 0.004291 seconds.
Begin MonoManager ReloadAssembly
Native extension for WindowsStandalone target not found
Refreshing native plugins compatible for Editor in 0.59 ms, found 2 plugins.
Preloading 0 native plugins for Editor in 0.00 ms.
Mono: successfully reloaded assembly
- Completed reload, in  2.029 seconds
Platform modules already initialized, skipping
Refreshing native plugins compatible for Editor in 1.75 ms, found 2 plugins.
Preloading 0 native plugins for Editor in 0.00 ms.
Unloading 1400 Unused Serialized files (Serialized files now loaded: 0)
System memory in use before: 67.6 MB.
System memory in use after: 67.7 MB.

Unloading 13 unused Assets to reduce memory usage. Loaded Objects now: 1847.
Total: 3.503400 ms (FindLiveObjects: 0.317300 ms CreateObjectMapping: 0.080200 ms MarkObjects: 3.068700 ms  DeleteObjects: 0.033800 ms)

========================================================================
Received Prepare
Registering precompiled user dll's ...
Registered in 0.005929 seconds.
Begin MonoManager ReloadAssembly
Native extension for WindowsStandalone target not found
Refreshing native plugins compatible for Editor in 0.53 ms, found 2 plugins.
Preloading 0 native plugins for Editor in 0.00 ms.
Mono: successfully reloaded assembly
- Completed reload, in  1.986 seconds
Platform modules already initialized, skipping
Refreshing native plugins compatible for Editor in 1.50 ms, found 2 plugins.
Preloading 0 native plugins for Editor in 0.00 ms.
Unloading 1400 Unused Serialized files (Serialized files now loaded: 0)
System memory in use before: 67.6 MB.
System memory in use after: 67.7 MB.

Unloading 13 unused Assets to reduce memory usage. Loaded Objects now: 1850.
Total: 3.142700 ms (FindLiveObjects: 0.204200 ms CreateObjectMapping: 0.056400 ms MarkObjects: 2.856500 ms  DeleteObjects: 0.024400 ms)

========================================================================
Received Prepare
Registering precompiled user dll's ...
Registered in 0.007160 seconds.
Begin MonoManager ReloadAssembly
Native extension for WindowsStandalone target not found
Refreshing native plugins compatible for Editor in 0.44 ms, found 2 plugins.
Preloading 0 native plugins for Editor in 0.00 ms.
Mono: successfully reloaded assembly
- Completed reload, in  2.157 seconds
Platform modules already initialized, skipping
Refreshing native plugins compatible for Editor in 0.69 ms, found 2 plugins.
Preloading 0 native plugins for Editor in 0.00 ms.
Unloading 1400 Unused Serialized files (Serialized files now loaded: 0)
System memory in use before: 67.6 MB.
System memory in use after: 67.7 MB.

Unloading 13 unused Assets to reduce memory usage. Loaded Objects now: 1853.
Total: 3.000500 ms (FindLiveObjects: 0.201200 ms CreateObjectMapping: 0.067300 ms MarkObjects: 2.702600 ms  DeleteObjects: 0.027900 ms)

========================================================================
Received Import Request.
  Time since last request: 628.886301 seconds.
  path: Assets/Scripts/GameSystem/TurnManager.cs
  artifactKey: Guid(2a44bc27192d168428c38cc91cf9d4c9) Importer(815301076,1909f56bfc062723c751e8b465ee728b)
Start importing Assets/Scripts/GameSystem/TurnManager.cs using Guid(2a44bc27192d168428c38cc91cf9d4c9) Importer(815301076,1909f56bfc062723c751e8b465ee728b)  -> (artifact id: '8fff121b85b4e1944d2a00900d775337') in 0.015002 seconds
  Import took 0.050415 seconds .

========================================================================
Received Import Request.
  Time since last request: 0.003925 seconds.
  path: Assets/Scripts/GameSystem/TurnManager.cs
  artifactKey: Guid(2a44bc27192d168428c38cc91cf9d4c9) Importer(815301076,1909f56bfc062723c751e8b465ee728b)
Start importing Assets/Scripts/GameSystem/TurnManager.cs using Guid(2a44bc27192d168428c38cc91cf9d4c9) Importer(815301076,1909f56bfc062723c751e8b465ee728b)  -> (artifact id: '8fff121b85b4e1944d2a00900d775337') in 0.006503 seconds
  Import took 0.009827 seconds .

========================================================================
Received Import Request.
  Time since last request: 0.848864 seconds.
  path: Assets/Scripts/GameSystem/GameStatus.cs
  artifactKey: Guid(5a4e14227b2e6d94782bc6322d7e5e2c) Importer(815301076,1909f56bfc062723c751e8b465ee728b)
Start importing Assets/Scripts/GameSystem/GameStatus.cs using Guid(5a4e14227b2e6d94782bc6322d7e5e2c) Importer(815301076,1909f56bfc062723c751e8b465ee728b)  -> (artifact id: '13b2984d70d22193eb3ea0f649ccc31a') in 0.021354 seconds
  Import took 0.050759 seconds .

========================================================================
Received Import Request.
  Time since last request: 0.011280 seconds.
  path: Assets/Scripts/GameSystem/GameStatus.cs
  artifactKey: Guid(5a4e14227b2e6d94782bc6322d7e5e2c) Importer(815301076,1909f56bfc062723c751e8b465ee728b)
Start importing Assets/Scripts/GameSystem/GameStatus.cs using Guid(5a4e14227b2e6d94782bc6322d7e5e2c) Importer(815301076,1909f56bfc062723c751e8b465ee728b)  -> (artifact id: '13b2984d70d22193eb3ea0f649ccc31a') in 0.009275 seconds
  Import took 0.014350 seconds .

========================================================================
Received Import Request.
  Time since last request: 0.634486 seconds.
  path: Assets/Scripts/GameSystem/ResultManager.cs
  artifactKey: Guid(b06b971694cbe0841854dd4af952f941) Importer(815301076,1909f56bfc062723c751e8b465ee728b)
Start importing Assets/Scripts/GameSystem/ResultManager.cs using Guid(b06b971694cbe0841854dd4af952f941) Importer(815301076,1909f56bfc062723c751e8b465ee728b)  -> (artifact id: '1e5ae8c4df1fbec14275a5b08af197e7') in 0.015442 seconds
  Import took 0.070960 seconds .

========================================================================
Received Import Request.
  Time since last request: 12.525270 seconds.
  path: Assets/Scripts/Player
  artifactKey: Guid(d44a70d6b227bb94c8a0ed9408b682e5) Importer(815301076,1909f56bfc062723c751e8b465ee728b)
Start importing Assets/Scripts/Player using Guid(d44a70d6b227bb94c8a0ed9408b682e5) Importer(815301076,1909f56bfc062723c751e8b465ee728b)  -> (artifact id: '8b3150e15a27abbc8ef58ae813536a3e') in 0.022594 seconds
  Import took 0.072654 seconds .

========================================================================
Received Prepare
Registering precompiled user dll's ...
Registered in 0.006115 seconds.
Begin MonoManager ReloadAssembly
Native extension for WindowsStandalone target not found
Refreshing native plugins compatible for Editor in 0.66 ms, found 2 plugins.
Preloading 0 native plugins for Editor in 0.00 ms.
Mono: successfully reloaded assembly
- Completed reload, in  2.087 seconds
Platform modules already initialized, skipping
Refreshing native plugins compatible for Editor in 0.36 ms, found 2 plugins.
Preloading 0 native plugins for Editor in 0.00 ms.
Unloading 1400 Unused Serialized files (Serialized files now loaded: 0)
System memory in use before: 67.6 MB.
System memory in use after: 67.8 MB.

Unloading 13 unused Assets to reduce memory usage. Loaded Objects now: 1856.
Total: 3.079800 ms (FindLiveObjects: 0.285000 ms CreateObjectMapping: 0.090400 ms MarkObjects: 2.648800 ms  DeleteObjects: 0.053300 ms)

========================================================================
Received Import Request.
  Time since last request: 382.219094 seconds.
  path: Assets/Scripts/Player/PlayerStatus.cs
  artifactKey: Guid(6952b02416eef5041be8f32ebaade3bf) Importer(815301076,1909f56bfc062723c751e8b465ee728b)
Start importing Assets/Scripts/Player/PlayerStatus.cs using Guid(6952b02416eef5041be8f32ebaade3bf) Importer(815301076,1909f56bfc062723c751e8b465ee728b)  -> (artifact id: 'f38ccbc6cc0ca2013fc6e3bb4ef803a6') in 0.074010 seconds
  Import took 0.082858 seconds .

========================================================================
Received Import Request.
  Time since last request: 0.187129 seconds.
  path: Assets/Scripts/Player/PlayerStatus.cs
  artifactKey: Guid(6952b02416eef5041be8f32ebaade3bf) Importer(815301076,1909f56bfc062723c751e8b465ee728b)
Start importing Assets/Scripts/Player/PlayerStatus.cs using Guid(6952b02416eef5041be8f32ebaade3bf) Importer(815301076,1909f56bfc062723c751e8b465ee728b)  -> (artifact id: 'f38ccbc6cc0ca2013fc6e3bb4ef803a6') in 0.055419 seconds
  Import took 0.060311 seconds .

AssetImportWorkerClient::OnTransportError - code=2 error=End of file
